Flutter crash report.
Please report a bug at https://github.com/flutter/flutter/issues.

## command

flutter run --machine --start-paused -d chrome --devtools-server-address http://127.0.0.1:9100/ --target C:\Users\Usuário\Desktop\Flutter\Trab1B\trabalho-flutter\uniclass\lib\main.dart

## exception

StateError: Bad state: No running isolate (inspector is not set).

```
#0      ChromeProxyService.inspector (package:dwds/src/services/chrome_proxy_service.dart:79:7)
#1      _waitForResumeEventToRunMain.<anonymous closure> (package:dwds/src/dwds_vm_client.dart:464:30)
#2      _rootRunUnary (dart:async/zone.dart:1546:13)
#3      _CustomZone.runUnary (dart:async/zone.dart:1429:19)
#4      _CustomZone.runUnaryGuarded (dart:async/zone.dart:1329:7)
#5      _BufferingStreamSubscription._sendData (dart:async/stream_impl.dart:381:11)
#6      _DelayedData.perform (dart:async/stream_impl.dart:573:14)
#7      _PendingEvents.handleNext (dart:async/stream_impl.dart:678:11)
#8      _PendingEvents.schedule.<anonymous closure> (dart:async/stream_impl.dart:649:7)
#9      StackZoneSpecification._run (package:stack_trace/src/stack_zone_specification.dart:207:15)
#10     StackZoneSpecification._registerCallback.<anonymous closure> (package:stack_trace/src/stack_zone_specification.dart:114:48)
#11     _rootRun (dart:async/zone.dart:1517:47)
#12     _CustomZone.run (dart:async/zone.dart:1422:19)
#13     _CustomZone.runGuarded (dart:async/zone.dart:1321:7)
#14     _CustomZone.bindCallbackGuarded.<anonymous closure> (dart:async/zone.dart:1362:23)
#15     StackZoneSpecification._run (package:stack_trace/src/stack_zone_specification.dart:207:15)
#16     StackZoneSpecification._registerCallback.<anonymous closure> (package:stack_trace/src/stack_zone_specification.dart:114:48)
#17     _rootRun (dart:async/zone.dart:1525:13)
#18     _CustomZone.run (dart:async/zone.dart:1422:19)
#19     _CustomZone.runGuarded (dart:async/zone.dart:1321:7)
#20     _CustomZone.bindCallbackGuarded.<anonymous closure> (dart:async/zone.dart:1362:23)
#21     _microtaskLoop (dart:async/schedule_microtask.dart:40:21)
#22     _startMicrotaskLoop (dart:async/schedule_microtask.dart:49:5)
#23     _runPendingImmediateCallback (dart:isolate-patch/isolate_patch.dart:128:13)
#24     _RawReceivePort._handleMessage (dart:isolate-patch/isolate_patch.dart:195:5)
```

## flutter doctor

```
[☠] Flutter (the doctor check crashed)
    ✗ Due to an error, the doctor check did not complete. If the error message below is not helpful, please let us know about this issue at https://github.com/flutter/flutter/issues.
    ✗ FileSystemException: Cannot resolve symbolic links, path = 'C:\Users\Usu rio\Documents\flutter\bin\flutter' (OS Error: O sistema não pode encontrar o caminho especificado.
      , errno = 3)
    • #0      FileSystemEntity._throwIfError (dart:io/file_system_entity.dart:886:7)
      #1      FileSystemEntity.resolveSymbolicLinksSync (dart:io/file_system_entity.dart:375:5)
      #2      ForwardingFileSystemEntity.resolveSymbolicLinksSync (package:file/src/forwarding/forwarding_file_system_entity.dart:56:49)
      #3      ForwardingFileSystemEntity.resolveSymbolicLinksSync (package:file/src/forwarding/forwarding_file_system_entity.dart:56:49)
      #4      FlutterValidator._validateSdkBinary (package:flutter_tools/src/doctor.dart:697:51)
      #5      FlutterValidator._validateRequiredBinaries (package:flutter_tools/src/doctor.dart:677:47)
      #6      FlutterValidator.validateImpl (package:flutter_tools/src/doctor.dart:578:7)
      #7      DoctorValidator.validate (package:flutter_tools/src/doctor_validator.dart:58:43)
      #8      Doctor.startValidatorTasks.<anonymous closure> (package:flutter_tools/src/doctor.dart:244:72)
      #9      asyncGuard.<anonymous closure> (package:flutter_tools/src/base/async_guard.dart:109:34)
      #10     _rootRun (dart:async/zone.dart:1525:13)
      #11     _CustomZone.run (dart:async/zone.dart:1422:19)
      #12     _runZoned (dart:async/zone.dart:2034:6)
      #13     runZonedGuarded (dart:async/zone.dart:2020:12)
      #14     runZoned (dart:async/zone.dart:1952:12)
      #15     asyncGuard (package:flutter_tools/src/base/async_guard.dart:106:3)
      #16     Doctor.startValidatorTasks (package:flutter_tools/src/doctor.dart:234:9)
      #17     DoctorText._validatorTasks (package:flutter_tools/src/doctor.dart:827:60)
      #18     DoctorText._validatorTasks (package:flutter_tools/src/doctor.dart)
      #19     DoctorText._runDiagnosis (package:flutter_tools/src/doctor.dart:832:32)
      #20     DoctorText.text (package:flutter_tools/src/doctor.dart:823:36)
      #21     DoctorText.text (package:flutter_tools/src/doctor.dart)
      #22     _createLocalCrashReport (package:flutter_tools/runner.dart:274:51)
      #23     _handleToolError (package:flutter_tools/runner.dart:235:31)
      <asynchronous suspension>
      #24     AppContext.run.<anonymous closure> (package:flutter_tools/src/base/context.dart:154:19)
      <asynchronous suspension>
      #25     main (package:flutter_tools/executable.dart:99:3)
      <asynchronous suspension>


[✓] Windows Version (10 Home Single Language 64 bits, 22H2, 2009) [2,5s]

[!] Android toolchain - develop for Android devices (Android SDK version 35.0.1) [351ms]
    • Android SDK at C:\AndroindStud
    ✗ cmdline-tools component is missing
      Run `path/to/sdkmanager --install "cmdline-tools;latest"`
      See https://developer.android.com/studio/command-line for more details.
    ✗ Android license status unknown.
      Run `flutter doctor --android-licenses` to accept the SDK licenses.
      See https://flutter.dev/to/windows-android-setup for more details.

[✓] Chrome - develop for the web [141ms]
    • Chrome at C:\Program Files\Google\Chrome\Application\chrome.exe

[✓] Visual Studio - develop Windows apps (Visual Studio Community 2022 17.13.0) [139ms]
    • Visual Studio at C:\Program Files\Microsoft Visual Studio\2022\Community
    • Visual Studio Community 2022 version 17.13.35806.99
    • Windows 10 SDK version 10.0.22621.0

[✓] Android Studio (version 2024.2) [11ms]
    • Android Studio at C:\JoaoPedro
    • Flutter plugin can be installed from:
      🔨 https://plugins.jetbrains.com/plugin/9212-flutter
    • Dart plugin can be installed from:
      🔨 https://plugins.jetbrains.com/plugin/6351-dart
    • Java version OpenJDK Runtime Environment (build 21.0.4+-12508038-b607.1)

[✓] VS Code (version 1.100.3) [9ms]
    • VS Code at C:\Users\Usuário\AppData\Local\Programs\Microsoft VS Code
    • Flutter extension version 3.112.0

[✓] Connected device (3 available) [164ms]
    • Windows (desktop) • windows • windows-x64    • Microsoft Windows [versÆo 10.0.19045.5854]
    • Chrome (web)      • chrome  • web-javascript • Google Chrome 137.0.7151.56
    • Edge (web)        • edge    • web-javascript • Microsoft Edge 137.0.3296.62

[✓] Network resources [297ms]
    • All expected network resources are available.

! Doctor found issues in 2 categories.
```
