Flutter crash report.
Please report a bug at https://github.com/flutter/flutter/issues.

## command

flutter debug_adapter

## exception

RPCError: getIsolate: (-32603) Unexpected DWDS error for getIsolate: Bad state: No running isolate (inspector is not set).

```
#0      new _OutstandingRequest (package:vm_service/src/vm_service.dart:265:34)
#1      VmService._call.<anonymous closure> (package:vm_service/src/vm_service.dart:1921:25)
#2      VmService._call (package:vm_service/src/vm_service.dart:1933:8)
#3      VmService.getIsolate (package:vm_service/src/vm_service.dart:1009:7)
#4      IsolateManager._sendLibraryDebuggables (package:dds/src/dap/isolate_manager.dart:1034:35)
#5      IsolateManager._configureIsolate (package:dds/src/dap/isolate_manager.dart:555:9)
#6      IsolateManager.registerIsolate (package:dds/src/dap/isolate_manager.dart:246:13)
#7      IsolateManager.handleEvent (package:dds/src/dap/isolate_manager.dart:189:13)
#8      DartDebugAdapter.handleIsolateEvent (package:dds/src/dap/adapters/dart.dart:2488:26)
<asynchronous suspension>
#9      DartDebugAdapter._withErrorHandling (package:dds/src/dap/adapters/dart.dart:2819:14)
<asynchronous suspension>
```

## flutter doctor

```
[✓] Flutter (Channel stable, 3.32.0, on Microsoft Windows [versÆo 10.0.22631.5335], locale pt-BR) [2,3s]
    • Flutter version 3.32.0 on channel stable at D:\Projetos\Dyames\flutter_application_1\lib\flutter
    • Upstream repository https://github.com/flutter/flutter.git
    • Framework revision be698c48a6 (8 days ago), 2025-05-19 12:59:14 -0700
    • Engine revision 1881800949
    • Dart version 3.8.0
    • DevTools version 2.45.1

[✓] Windows Version (11 Pro for Workstations 64 bits, 23H2, 2009) [6,3s]

[✗] Android toolchain - develop for Android devices [1.550ms]
    ✗ Unable to locate Android SDK.
      Install Android Studio from: https://developer.android.com/studio/index.html
      On first launch it will assist you in installing the Android SDK components.
      (or visit https://flutter.dev/to/windows-android-setup for detailed instructions).
      If the Android SDK has been installed to a custom location, please use
      `flutter config --android-sdk` to update to that location.


[✓] Chrome - develop for the web [1.256ms]
    • Chrome at C:\Program Files\Google\Chrome\Application\chrome.exe

[✓] Visual Studio - develop Windows apps (Ferramentas de Build do Visual Studio 2019 16.11.34) [1.252ms]
    • Visual Studio at C:\Program Files (x86)\Microsoft Visual Studio\2019\BuildTools
    • Ferramentas de Build do Visual Studio 2019 version 16.11.34601.136
    • Windows 10 SDK version 10.0.19041.0

[!] Android Studio (not installed) [64ms]
    • Android Studio not found; download from https://developer.android.com/studio/index.html
      (or visit https://flutter.dev/to/windows-android-setup for detailed instructions).

[✓] Connected device (3 available) [832ms]
    • Windows (desktop) • windows • windows-x64    • Microsoft Windows [versÆo 10.0.22631.5335]
    • Chrome (web)      • chrome  • web-javascript • Google Chrome 135.0.7049.85
    • Edge (web)        • edge    • web-javascript • Microsoft Edge 135.0.3179.98

[✓] Network resources [1.211ms]
    • All expected network resources are available.

! Doctor found issues in 2 categories.
```
